[master 9eb6f4e] automatic push git
 3 files changed, 15 insertions(+), 4 deletions(-)
remote: Updated 16 paths from c9890da        
remote: Compressing source files... done.        
remote: Building source:        
remote: 
remote: -----> Building on the Heroku-24 stack        
remote: -----> Using buildpack: heroku/python        
remote: -----> Python app detected        
remote: -----> No Python version was specified. Using the same major version as the last build: Python 3.13        
remote:        To use a different version, see: https://devcenter.heroku.com/articles/python-runtimes        
remote: -----> Restoring cache        
remote: -----> Using cached install of Python 3.13.2        
remote: -----> Installing pip 24.3.1        
remote: -----> Installing dependencies using 'pip install -r requirements.txt'        
remote:        Requirement already satisfied: dash==2.18.2 (from -r requirements.txt (line 1)) (2.18.2)        
remote:        Requirement already satisfied: dash-core-components==2.0.0 (from -r requirements.txt (line 2)) (2.0.0)        
remote:        Requirement already satisfied: dash-html-components==2.0.0 (from -r requirements.txt (line 3)) (2.0.0)        
remote:        Requirement already satisfied: dash-table==5.0.0 (from -r requirements.txt (line 4)) (5.0.0)        
remote:        Requirement already satisfied: gunicorn==20.1.0 (from -r requirements.txt (line 5)) (20.1.0)        
remote:        Requirement already satisfied: numpy==2.0.2 (from -r requirements.txt (line 6)) (2.0.2)        
remote:        Requirement already satisfied: pandas==2.2.3 (from -r requirements.txt (line 7)) (2.2.3)        
remote:        Requirement already satisfied: plotly==6.0.0 (from -r requirements.txt (line 8)) (6.0.0)        
remote:        Requirement already satisfied: Flask<3.1,>=1.0.4 (from dash==2.18.2->-r requirements.txt (line 1)) (3.0.3)        
remote:        Requirement already satisfied: Werkzeug<3.1 (from dash==2.18.2->-r requirements.txt (line 1)) (3.0.6)        
remote:        Requirement already satisfied: importlib-metadata (from dash==2.18.2->-r requirements.txt (line 1)) (8.6.1)        
remote:        Requirement already satisfied: typing-extensions>=4.1.1 (from dash==2.18.2->-r requirements.txt (line 1)) (4.12.2)        
remote:        Requirement already satisfied: requests (from dash==2.18.2->-r requirements.txt (line 1)) (2.32.3)        
remote:        Requirement already satisfied: retrying (from dash==2.18.2->-r requirements.txt (line 1)) (1.3.4)        
remote:        Requirement already satisfied: nest-asyncio (from dash==2.18.2->-r requirements.txt (line 1)) (1.6.0)        
remote:        Requirement already satisfied: setuptools (from dash==2.18.2->-r requirements.txt (line 1)) (75.8.2)        
remote:        Requirement already satisfied: python-dateutil>=2.8.2 (from pandas==2.2.3->-r requirements.txt (line 7)) (2.9.0.post0)        
remote:        Requirement already satisfied: pytz>=2020.1 (from pandas==2.2.3->-r requirements.txt (line 7)) (2025.1)        
remote:        Requirement already satisfied: tzdata>=2022.7 (from pandas==2.2.3->-r requirements.txt (line 7)) (2025.1)        
remote:        Requirement already satisfied: narwhals>=1.15.1 (from plotly==6.0.0->-r requirements.txt (line 8)) (1.28.0)        
remote:        Requirement already satisfied: packaging (from plotly==6.0.0->-r requirements.txt (line 8)) (24.2)        
remote:        Requirement already satisfied: Jinja2>=3.1.2 (from Flask<3.1,>=1.0.4->dash==2.18.2->-r requirements.txt (line 1)) (3.1.5)        
remote:        Requirement already satisfied: itsdangerous>=2.1.2 (from Flask<3.1,>=1.0.4->dash==2.18.2->-r requirements.txt (line 1)) (2.2.0)        
remote:        Requirement already satisfied: click>=8.1.3 (from Flask<3.1,>=1.0.4->dash==2.18.2->-r requirements.txt (line 1)) (8.1.8)        
remote:        Requirement already satisfied: blinker>=1.6.2 (from Flask<3.1,>=1.0.4->dash==2.18.2->-r requirements.txt (line 1)) (1.9.0)        
remote:        Requirement already satisfied: six>=1.5 (from python-dateutil>=2.8.2->pandas==2.2.3->-r requirements.txt (line 7)) (1.17.0)        
remote:        Requirement already satisfied: MarkupSafe>=2.1.1 (from Werkzeug<3.1->dash==2.18.2->-r requirements.txt (line 1)) (3.0.2)        
remote:        Requirement already satisfied: zipp>=3.20 (from importlib-metadata->dash==2.18.2->-r requirements.txt (line 1)) (3.21.0)        
remote:        Requirement already satisfied: charset-normalizer<4,>=2 (from requests->dash==2.18.2->-r requirements.txt (line 1)) (3.4.1)        
remote:        Requirement already satisfied: idna<4,>=2.5 (from requests->dash==2.18.2->-r requirements.txt (line 1)) (3.10)        
remote:        Requirement already satisfied: urllib3<3,>=1.21.1 (from requests->dash==2.18.2->-r requirements.txt (line 1)) (2.3.0)        
remote:        Requirement already satisfied: certifi>=2017.4.17 (from requests->dash==2.18.2->-r requirements.txt (line 1)) (2025.1.31)        
remote: -----> Discovering process types        
remote:        Procfile declares types -> web        
remote: 
remote: -----> Compressing...        
remote:        Done: 83.4M        
remote: -----> Launching...        
remote:        Released v22        
remote:        https://weather-krini-4b35ab56ba37.herokuapp.com/ deployed to Heroku        
remote: 
remote: Verifying deploy... done.        
To https://git.heroku.com/weather-krini.git
   0bdca50..9eb6f4e  master -> master
[master 4d09a7c] automatic push git
 2 files changed, 65 insertions(+)
remote: Updated 16 paths from 88ad519
remote: Compressing source files... done.        
remote: Building source:        
remote: 
remote: -----> Building on the Heroku-24 stack        
remote: -----> Using buildpack: heroku/python        
remote: -----> Python app detected        
remote: -----> No Python version was specified. Using the same major version as the last build: Python 3.13        
remote:        To use a different version, see: https://devcenter.heroku.com/articles/python-runtimes        
remote: -----> Restoring cache        
remote: -----> Using cached install of Python 3.13.2        
remote: -----> Installing pip 24.3.1        
remote: -----> Installing dependencies using 'pip install -r requirements.txt'        
remote:        Requirement already satisfied: dash==2.18.2 (from -r requirements.txt (line 1)) (2.18.2)        
remote:        Requirement already satisfied: dash-core-components==2.0.0 (from -r requirements.txt (line 2)) (2.0.0)        
remote:        Requirement already satisfied: dash-html-components==2.0.0 (from -r requirements.txt (line 3)) (2.0.0)        
remote:        Requirement already satisfied: dash-table==5.0.0 (from -r requirements.txt (line 4)) (5.0.0)        
remote:        Requirement already satisfied: gunicorn==20.1.0 (from -r requirements.txt (line 5)) (20.1.0)        
remote:        Requirement already satisfied: numpy==2.0.2 (from -r requirements.txt (line 6)) (2.0.2)        
remote:        Requirement already satisfied: pandas==2.2.3 (from -r requirements.txt (line 7)) (2.2.3)        
remote:        Requirement already satisfied: plotly==6.0.0 (from -r requirements.txt (line 8)) (6.0.0)        
remote:        Requirement already satisfied: Flask<3.1,>=1.0.4 (from dash==2.18.2->-r requirements.txt (line 1)) (3.0.3)        
remote:        Requirement already satisfied: Werkzeug<3.1 (from dash==2.18.2->-r requirements.txt (line 1)) (3.0.6)        
remote:        Requirement already satisfied: importlib-metadata (from dash==2.18.2->-r requirements.txt (line 1)) (8.6.1)        
remote:        Requirement already satisfied: typing-extensions>=4.1.1 (from dash==2.18.2->-r requirements.txt (line 1)) (4.12.2)        
remote:        Requirement already satisfied: requests (from dash==2.18.2->-r requirements.txt (line 1)) (2.32.3)        
remote:        Requirement already satisfied: retrying (from dash==2.18.2->-r requirements.txt (line 1)) (1.3.4)        
remote:        Requirement already satisfied: nest-asyncio (from dash==2.18.2->-r requirements.txt (line 1)) (1.6.0)        
remote:        Requirement already satisfied: setuptools (from dash==2.18.2->-r requirements.txt (line 1)) (75.8.2)        
remote:        Requirement already satisfied: python-dateutil>=2.8.2 (from pandas==2.2.3->-r requirements.txt (line 7)) (2.9.0.post0)        
remote:        Requirement already satisfied: pytz>=2020.1 (from pandas==2.2.3->-r requirements.txt (line 7)) (2025.1)        
remote:        Requirement already satisfied: tzdata>=2022.7 (from pandas==2.2.3->-r requirements.txt (line 7)) (2025.1)        
remote:        Requirement already satisfied: narwhals>=1.15.1 (from plotly==6.0.0->-r requirements.txt (line 8)) (1.28.0)        
remote:        Requirement already satisfied: packaging (from plotly==6.0.0->-r requirements.txt (line 8)) (24.2)        
remote:        Requirement already satisfied: Jinja2>=3.1.2 (from Flask<3.1,>=1.0.4->dash==2.18.2->-r requirements.txt (line 1)) (3.1.5)        
remote:        Requirement already satisfied: itsdangerous>=2.1.2 (from Flask<3.1,>=1.0.4->dash==2.18.2->-r requirements.txt (line 1)) (2.2.0)        
remote:        Requirement already satisfied: click>=8.1.3 (from Flask<3.1,>=1.0.4->dash==2.18.2->-r requirements.txt (line 1)) (8.1.8)        
remote:        Requirement already satisfied: blinker>=1.6.2 (from Flask<3.1,>=1.0.4->dash==2.18.2->-r requirements.txt (line 1)) (1.9.0)        
remote:        Requirement already satisfied: six>=1.5 (from python-dateutil>=2.8.2->pandas==2.2.3->-r requirements.txt (line 7)) (1.17.0)        
remote:        Requirement already satisfied: MarkupSafe>=2.1.1 (from Werkzeug<3.1->dash==2.18.2->-r requirements.txt (line 1)) (3.0.2)        
remote:        Requirement already satisfied: zipp>=3.20 (from importlib-metadata->dash==2.18.2->-r requirements.txt (line 1)) (3.21.0)        
remote:        Requirement already satisfied: charset-normalizer<4,>=2 (from requests->dash==2.18.2->-r requirements.txt (line 1)) (3.4.1)        
remote:        Requirement already satisfied: idna<4,>=2.5 (from requests->dash==2.18.2->-r requirements.txt (line 1)) (3.10)        
remote:        Requirement already satisfied: urllib3<3,>=1.21.1 (from requests->dash==2.18.2->-r requirements.txt (line 1)) (2.3.0)        
remote:        Requirement already satisfied: certifi>=2017.4.17 (from requests->dash==2.18.2->-r requirements.txt (line 1)) (2025.1.31)        
remote: -----> Discovering process types        
remote:        Procfile declares types -> web        
remote: 
remote: -----> Compressing...        
remote:        Done: 83.4M        
remote: -----> Launching...        
remote:        Released v23        
remote:        https://weather-krini-4b35ab56ba37.herokuapp.com/ deployed to Heroku        
remote: 
remote: Verifying deploy... done.        
To https://git.heroku.com/weather-krini.git
   9eb6f4e..4d09a7c  master -> master
[master 15e0457] automatic push git
 2 files changed, 66 insertions(+)
remote: Updated 16 paths from 2ada5a3        
remote: Compressing source files... done.        
remote: Building source:        
remote: 
remote: -----> Building on the Heroku-24 stack        
remote: -----> Using buildpack: heroku/python        
remote: -----> Python app detected        
remote: -----> No Python version was specified. Using the same major version as the last build: Python 3.13        
remote:        To use a different version, see: https://devcenter.heroku.com/articles/python-runtimes        
remote: -----> Restoring cache        
remote: -----> Using cached install of Python 3.13.2        
remote: -----> Installing pip 24.3.1        
remote: -----> Installing dependencies using 'pip install -r requirements.txt'        
remote:        Requirement already satisfied: dash==2.18.2 (from -r requirements.txt (line 1)) (2.18.2)        
remote:        Requirement already satisfied: dash-core-components==2.0.0 (from -r requirements.txt (line 2)) (2.0.0)        
remote:        Requirement already satisfied: dash-html-components==2.0.0 (from -r requirements.txt (line 3)) (2.0.0)        
remote:        Requirement already satisfied: dash-table==5.0.0 (from -r requirements.txt (line 4)) (5.0.0)        
remote:        Requirement already satisfied: gunicorn==20.1.0 (from -r requirements.txt (line 5)) (20.1.0)        
remote:        Requirement already satisfied: numpy==2.0.2 (from -r requirements.txt (line 6)) (2.0.2)        
remote:        Requirement already satisfied: pandas==2.2.3 (from -r requirements.txt (line 7)) (2.2.3)        
remote:        Requirement already satisfied: plotly==6.0.0 (from -r requirements.txt (line 8)) (6.0.0)        
remote:        Requirement already satisfied: Flask<3.1,>=1.0.4 (from dash==2.18.2->-r requirements.txt (line 1)) (3.0.3)        
remote:        Requirement already satisfied: Werkzeug<3.1 (from dash==2.18.2->-r requirements.txt (line 1)) (3.0.6)        
remote:        Requirement already satisfied: importlib-metadata (from dash==2.18.2->-r requirements.txt (line 1)) (8.6.1)        
remote:        Requirement already satisfied: typing-extensions>=4.1.1 (from dash==2.18.2->-r requirements.txt (line 1)) (4.12.2)        
remote:        Requirement already satisfied: requests (from dash==2.18.2->-r requirements.txt (line 1)) (2.32.3)        
remote:        Requirement already satisfied: retrying (from dash==2.18.2->-r requirements.txt (line 1)) (1.3.4)        
remote:        Requirement already satisfied: nest-asyncio (from dash==2.18.2->-r requirements.txt (line 1)) (1.6.0)        
remote:        Requirement already satisfied: setuptools (from dash==2.18.2->-r requirements.txt (line 1)) (75.8.2)        
remote:        Requirement already satisfied: python-dateutil>=2.8.2 (from pandas==2.2.3->-r requirements.txt (line 7)) (2.9.0.post0)        
remote:        Requirement already satisfied: pytz>=2020.1 (from pandas==2.2.3->-r requirements.txt (line 7)) (2025.1)        
remote:        Requirement already satisfied: tzdata>=2022.7 (from pandas==2.2.3->-r requirements.txt (line 7)) (2025.1)        
remote:        Requirement already satisfied: narwhals>=1.15.1 (from plotly==6.0.0->-r requirements.txt (line 8)) (1.28.0)        
remote:        Requirement already satisfied: packaging (from plotly==6.0.0->-r requirements.txt (line 8)) (24.2)        
remote:        Requirement already satisfied: Jinja2>=3.1.2 (from Flask<3.1,>=1.0.4->dash==2.18.2->-r requirements.txt (line 1)) (3.1.5)        
remote:        Requirement already satisfied: itsdangerous>=2.1.2 (from Flask<3.1,>=1.0.4->dash==2.18.2->-r requirements.txt (line 1)) (2.2.0)        
remote:        Requirement already satisfied: click>=8.1.3 (from Flask<3.1,>=1.0.4->dash==2.18.2->-r requirements.txt (line 1)) (8.1.8)        
remote:        Requirement already satisfied: blinker>=1.6.2 (from Flask<3.1,>=1.0.4->dash==2.18.2->-r requirements.txt (line 1)) (1.9.0)        
remote:        Requirement already satisfied: six>=1.5 (from python-dateutil>=2.8.2->pandas==2.2.3->-r requirements.txt (line 7)) (1.17.0)        
remote:        Requirement already satisfied: MarkupSafe>=2.1.1 (from Werkzeug<3.1->dash==2.18.2->-r requirements.txt (line 1)) (3.0.2)        
remote:        Requirement already satisfied: zipp>=3.20 (from importlib-metadata->dash==2.18.2->-r requirements.txt (line 1)) (3.21.0)        
remote:        Requirement already satisfied: charset-normalizer<4,>=2 (from requests->dash==2.18.2->-r requirements.txt (line 1)) (3.4.1)        
remote:        Requirement already satisfied: idna<4,>=2.5 (from requests->dash==2.18.2->-r requirements.txt (line 1)) (3.10)        
remote:        Requirement already satisfied: urllib3<3,>=1.21.1 (from requests->dash==2.18.2->-r requirements.txt (line 1)) (2.3.0)        
remote:        Requirement already satisfied: certifi>=2017.4.17 (from requests->dash==2.18.2->-r requirements.txt (line 1)) (2025.1.31)        
remote: -----> Discovering process types        
remote:        Procfile declares types -> web        
remote: 
remote: -----> Compressing...        
remote:        Done: 83.4M        
remote: -----> Launching...        
remote:        Released v25        
remote:        https://weather-krini-4b35ab56ba37.herokuapp.com/ deployed to Heroku        
remote: 
remote: Verifying deploy... done.        
To https://git.heroku.com/weather-krini.git
   4d09a7c..15e0457  master -> master
[master a6d3f12] automatic push git
 2 files changed, 66 insertions(+)
remote: Updated 16 paths from 984f5a2
remote: Compressing source files... done.        
remote: Building source:        
remote: 
remote: -----> Building on the Heroku-24 stack        
remote: -----> Using buildpack: heroku/python        
remote: -----> Python app detected        
remote: -----> No Python version was specified. Using the same major version as the last build: Python 3.13        
remote:        To use a different version, see: https://devcenter.heroku.com/articles/python-runtimes        
remote: -----> Restoring cache        
remote: -----> Using cached install of Python 3.13.2        
remote: -----> Installing pip 24.3.1        
remote: -----> Installing dependencies using 'pip install -r requirements.txt'        
remote:        Requirement already satisfied: dash==2.18.2 (from -r requirements.txt (line 1)) (2.18.2)        
remote:        Requirement already satisfied: dash-core-components==2.0.0 (from -r requirements.txt (line 2)) (2.0.0)        
remote:        Requirement already satisfied: dash-html-components==2.0.0 (from -r requirements.txt (line 3)) (2.0.0)        
remote:        Requirement already satisfied: dash-table==5.0.0 (from -r requirements.txt (line 4)) (5.0.0)        
remote:        Requirement already satisfied: gunicorn==20.1.0 (from -r requirements.txt (line 5)) (20.1.0)        
remote:        Requirement already satisfied: numpy==2.0.2 (from -r requirements.txt (line 6)) (2.0.2)        
remote:        Requirement already satisfied: pandas==2.2.3 (from -r requirements.txt (line 7)) (2.2.3)        
remote:        Requirement already satisfied: plotly==6.0.0 (from -r requirements.txt (line 8)) (6.0.0)        
remote:        Requirement already satisfied: Flask<3.1,>=1.0.4 (from dash==2.18.2->-r requirements.txt (line 1)) (3.0.3)        
remote:        Requirement already satisfied: Werkzeug<3.1 (from dash==2.18.2->-r requirements.txt (line 1)) (3.0.6)        
remote:        Requirement already satisfied: importlib-metadata (from dash==2.18.2->-r requirements.txt (line 1)) (8.6.1)        
remote:        Requirement already satisfied: typing-extensions>=4.1.1 (from dash==2.18.2->-r requirements.txt (line 1)) (4.12.2)        
remote:        Requirement already satisfied: requests (from dash==2.18.2->-r requirements.txt (line 1)) (2.32.3)        
remote:        Requirement already satisfied: retrying (from dash==2.18.2->-r requirements.txt (line 1)) (1.3.4)        
remote:        Requirement already satisfied: nest-asyncio (from dash==2.18.2->-r requirements.txt (line 1)) (1.6.0)        
remote:        Requirement already satisfied: setuptools (from dash==2.18.2->-r requirements.txt (line 1)) (75.8.2)        
remote:        Requirement already satisfied: python-dateutil>=2.8.2 (from pandas==2.2.3->-r requirements.txt (line 7)) (2.9.0.post0)        
remote:        Requirement already satisfied: pytz>=2020.1 (from pandas==2.2.3->-r requirements.txt (line 7)) (2025.1)        
remote:        Requirement already satisfied: tzdata>=2022.7 (from pandas==2.2.3->-r requirements.txt (line 7)) (2025.1)        
remote:        Requirement already satisfied: narwhals>=1.15.1 (from plotly==6.0.0->-r requirements.txt (line 8)) (1.28.0)        
remote:        Requirement already satisfied: packaging (from plotly==6.0.0->-r requirements.txt (line 8)) (24.2)        
remote:        Requirement already satisfied: Jinja2>=3.1.2 (from Flask<3.1,>=1.0.4->dash==2.18.2->-r requirements.txt (line 1)) (3.1.5)        
remote:        Requirement already satisfied: itsdangerous>=2.1.2 (from Flask<3.1,>=1.0.4->dash==2.18.2->-r requirements.txt (line 1)) (2.2.0)        
remote:        Requirement already satisfied: click>=8.1.3 (from Flask<3.1,>=1.0.4->dash==2.18.2->-r requirements.txt (line 1)) (8.1.8)        
remote:        Requirement already satisfied: blinker>=1.6.2 (from Flask<3.1,>=1.0.4->dash==2.18.2->-r requirements.txt (line 1)) (1.9.0)        
remote:        Requirement already satisfied: six>=1.5 (from python-dateutil>=2.8.2->pandas==2.2.3->-r requirements.txt (line 7)) (1.17.0)        
remote:        Requirement already satisfied: MarkupSafe>=2.1.1 (from Werkzeug<3.1->dash==2.18.2->-r requirements.txt (line 1)) (3.0.2)        
remote:        Requirement already satisfied: zipp>=3.20 (from importlib-metadata->dash==2.18.2->-r requirements.txt (line 1)) (3.21.0)        
remote:        Requirement already satisfied: charset-normalizer<4,>=2 (from requests->dash==2.18.2->-r requirements.txt (line 1)) (3.4.1)        
remote:        Requirement already satisfied: idna<4,>=2.5 (from requests->dash==2.18.2->-r requirements.txt (line 1)) (3.10)        
remote:        Requirement already satisfied: urllib3<3,>=1.21.1 (from requests->dash==2.18.2->-r requirements.txt (line 1)) (2.3.0)        
remote:        Requirement already satisfied: certifi>=2017.4.17 (from requests->dash==2.18.2->-r requirements.txt (line 1)) (2025.1.31)        
remote: -----> Discovering process types        
remote:        Procfile declares types -> web        
remote: 
remote: -----> Compressing...        
remote:        Done: 83.4M        
remote: -----> Launching...        
remote:        Released v26        
remote:        https://weather-krini-4b35ab56ba37.herokuapp.com/ deployed to Heroku        
remote: 
remote: Verifying deploy... done.        
To https://git.heroku.com/weather-krini.git
   15e0457..a6d3f12  master -> master
[master 9251e33] automatic push git
 2 files changed, 65 insertions(+)
remote: Updated 16 paths from a822320        
remote: Compressing source files... done.        
remote: Building source:        
remote: 
remote: -----> Building on the Heroku-24 stack        
remote: -----> Using buildpack: heroku/python        
remote: -----> Python app detected        
remote: -----> No Python version was specified. Using the same major version as the last build: Python 3.13        
remote:        To use a different version, see: https://devcenter.heroku.com/articles/python-runtimes        
remote: -----> Restoring cache        
remote: -----> Using cached install of Python 3.13.2        
remote: -----> Installing pip 24.3.1        
remote: -----> Installing dependencies using 'pip install -r requirements.txt'        
remote:        Requirement already satisfied: dash==2.18.2 (from -r requirements.txt (line 1)) (2.18.2)        
remote:        Requirement already satisfied: dash-core-components==2.0.0 (from -r requirements.txt (line 2)) (2.0.0)        
remote:        Requirement already satisfied: dash-html-components==2.0.0 (from -r requirements.txt (line 3)) (2.0.0)        
remote:        Requirement already satisfied: dash-table==5.0.0 (from -r requirements.txt (line 4)) (5.0.0)        
remote:        Requirement already satisfied: gunicorn==20.1.0 (from -r requirements.txt (line 5)) (20.1.0)        
remote:        Requirement already satisfied: numpy==2.0.2 (from -r requirements.txt (line 6)) (2.0.2)        
remote:        Requirement already satisfied: pandas==2.2.3 (from -r requirements.txt (line 7)) (2.2.3)        
remote:        Requirement already satisfied: plotly==6.0.0 (from -r requirements.txt (line 8)) (6.0.0)        
remote:        Requirement already satisfied: Flask<3.1,>=1.0.4 (from dash==2.18.2->-r requirements.txt (line 1)) (3.0.3)        
remote:        Requirement already satisfied: Werkzeug<3.1 (from dash==2.18.2->-r requirements.txt (line 1)) (3.0.6)        
remote:        Requirement already satisfied: importlib-metadata (from dash==2.18.2->-r requirements.txt (line 1)) (8.6.1)        
remote:        Requirement already satisfied: typing-extensions>=4.1.1 (from dash==2.18.2->-r requirements.txt (line 1)) (4.12.2)        
remote:        Requirement already satisfied: requests (from dash==2.18.2->-r requirements.txt (line 1)) (2.32.3)        
remote:        Requirement already satisfied: retrying (from dash==2.18.2->-r requirements.txt (line 1)) (1.3.4)        
remote:        Requirement already satisfied: nest-asyncio (from dash==2.18.2->-r requirements.txt (line 1)) (1.6.0)        
remote:        Requirement already satisfied: setuptools (from dash==2.18.2->-r requirements.txt (line 1)) (75.8.2)        
remote:        Requirement already satisfied: python-dateutil>=2.8.2 (from pandas==2.2.3->-r requirements.txt (line 7)) (2.9.0.post0)        
remote:        Requirement already satisfied: pytz>=2020.1 (from pandas==2.2.3->-r requirements.txt (line 7)) (2025.1)        
remote:        Requirement already satisfied: tzdata>=2022.7 (from pandas==2.2.3->-r requirements.txt (line 7)) (2025.1)        
remote:        Requirement already satisfied: narwhals>=1.15.1 (from plotly==6.0.0->-r requirements.txt (line 8)) (1.28.0)        
remote:        Requirement already satisfied: packaging (from plotly==6.0.0->-r requirements.txt (line 8)) (24.2)        
remote:        Requirement already satisfied: Jinja2>=3.1.2 (from Flask<3.1,>=1.0.4->dash==2.18.2->-r requirements.txt (line 1)) (3.1.5)        
remote:        Requirement already satisfied: itsdangerous>=2.1.2 (from Flask<3.1,>=1.0.4->dash==2.18.2->-r requirements.txt (line 1)) (2.2.0)        
remote:        Requirement already satisfied: click>=8.1.3 (from Flask<3.1,>=1.0.4->dash==2.18.2->-r requirements.txt (line 1)) (8.1.8)        
remote:        Requirement already satisfied: blinker>=1.6.2 (from Flask<3.1,>=1.0.4->dash==2.18.2->-r requirements.txt (line 1)) (1.9.0)        
remote:        Requirement already satisfied: six>=1.5 (from python-dateutil>=2.8.2->pandas==2.2.3->-r requirements.txt (line 7)) (1.17.0)        
remote:        Requirement already satisfied: MarkupSafe>=2.1.1 (from Werkzeug<3.1->dash==2.18.2->-r requirements.txt (line 1)) (3.0.2)        
remote:        Requirement already satisfied: zipp>=3.20 (from importlib-metadata->dash==2.18.2->-r requirements.txt (line 1)) (3.21.0)        
remote:        Requirement already satisfied: charset-normalizer<4,>=2 (from requests->dash==2.18.2->-r requirements.txt (line 1)) (3.4.1)        
remote:        Requirement already satisfied: idna<4,>=2.5 (from requests->dash==2.18.2->-r requirements.txt (line 1)) (3.10)        
remote:        Requirement already satisfied: urllib3<3,>=1.21.1 (from requests->dash==2.18.2->-r requirements.txt (line 1)) (2.3.0)        
remote:        Requirement already satisfied: certifi>=2017.4.17 (from requests->dash==2.18.2->-r requirements.txt (line 1)) (2025.1.31)        
remote: -----> Discovering process types        
remote:        Procfile declares types -> web        
remote: 
remote: -----> Compressing...        
remote:        Done: 83.4M        
remote: -----> Launching...        
remote:        Released v27        
remote:        https://weather-krini-4b35ab56ba37.herokuapp.com/ deployed to Heroku        
remote: 
remote: Verifying deploy... done.        
To https://git.heroku.com/weather-krini.git
   a6d3f12..9251e33  master -> master
[master a08bdc5] automatic push git
 2 files changed, 66 insertions(+)
remote: Updated 16 paths from 284e1ab
remote: Compressing source files... done.        
remote: Building source:        
remote: 
remote: -----> Building on the Heroku-24 stack        
remote: -----> Using buildpack: heroku/python        
remote: -----> Python app detected        
remote: -----> No Python version was specified. Using the same major version as the last build: Python 3.13        
remote:        To use a different version, see: https://devcenter.heroku.com/articles/python-runtimes        
remote: -----> Restoring cache        
remote: -----> Using cached install of Python 3.13.2        
remote: -----> Installing pip 24.3.1        
remote: -----> Installing dependencies using 'pip install -r requirements.txt'        
remote:        Requirement already satisfied: dash==2.18.2 (from -r requirements.txt (line 1)) (2.18.2)        
remote:        Requirement already satisfied: dash-core-components==2.0.0 (from -r requirements.txt (line 2)) (2.0.0)        
remote:        Requirement already satisfied: dash-html-components==2.0.0 (from -r requirements.txt (line 3)) (2.0.0)        
remote:        Requirement already satisfied: dash-table==5.0.0 (from -r requirements.txt (line 4)) (5.0.0)        
remote:        Requirement already satisfied: gunicorn==20.1.0 (from -r requirements.txt (line 5)) (20.1.0)        
remote:        Requirement already satisfied: numpy==2.0.2 (from -r requirements.txt (line 6)) (2.0.2)        
remote:        Requirement already satisfied: pandas==2.2.3 (from -r requirements.txt (line 7)) (2.2.3)        
remote:        Requirement already satisfied: plotly==6.0.0 (from -r requirements.txt (line 8)) (6.0.0)        
remote:        Requirement already satisfied: Flask<3.1,>=1.0.4 (from dash==2.18.2->-r requirements.txt (line 1)) (3.0.3)        
remote:        Requirement already satisfied: Werkzeug<3.1 (from dash==2.18.2->-r requirements.txt (line 1)) (3.0.6)        
remote:        Requirement already satisfied: importlib-metadata (from dash==2.18.2->-r requirements.txt (line 1)) (8.6.1)        
remote:        Requirement already satisfied: typing-extensions>=4.1.1 (from dash==2.18.2->-r requirements.txt (line 1)) (4.12.2)        
remote:        Requirement already satisfied: requests (from dash==2.18.2->-r requirements.txt (line 1)) (2.32.3)        
remote:        Requirement already satisfied: retrying (from dash==2.18.2->-r requirements.txt (line 1)) (1.3.4)        
remote:        Requirement already satisfied: nest-asyncio (from dash==2.18.2->-r requirements.txt (line 1)) (1.6.0)        
remote:        Requirement already satisfied: setuptools (from dash==2.18.2->-r requirements.txt (line 1)) (75.8.2)        
remote:        Requirement already satisfied: python-dateutil>=2.8.2 (from pandas==2.2.3->-r requirements.txt (line 7)) (2.9.0.post0)        
remote:        Requirement already satisfied: pytz>=2020.1 (from pandas==2.2.3->-r requirements.txt (line 7)) (2025.1)        
remote:        Requirement already satisfied: tzdata>=2022.7 (from pandas==2.2.3->-r requirements.txt (line 7)) (2025.1)        
remote:        Requirement already satisfied: narwhals>=1.15.1 (from plotly==6.0.0->-r requirements.txt (line 8)) (1.28.0)        
remote:        Requirement already satisfied: packaging (from plotly==6.0.0->-r requirements.txt (line 8)) (24.2)        
remote:        Requirement already satisfied: Jinja2>=3.1.2 (from Flask<3.1,>=1.0.4->dash==2.18.2->-r requirements.txt (line 1)) (3.1.5)        
remote:        Requirement already satisfied: itsdangerous>=2.1.2 (from Flask<3.1,>=1.0.4->dash==2.18.2->-r requirements.txt (line 1)) (2.2.0)        
remote:        Requirement already satisfied: click>=8.1.3 (from Flask<3.1,>=1.0.4->dash==2.18.2->-r requirements.txt (line 1)) (8.1.8)        
remote:        Requirement already satisfied: blinker>=1.6.2 (from Flask<3.1,>=1.0.4->dash==2.18.2->-r requirements.txt (line 1)) (1.9.0)        
remote:        Requirement already satisfied: six>=1.5 (from python-dateutil>=2.8.2->pandas==2.2.3->-r requirements.txt (line 7)) (1.17.0)        
remote:        Requirement already satisfied: MarkupSafe>=2.1.1 (from Werkzeug<3.1->dash==2.18.2->-r requirements.txt (line 1)) (3.0.2)        
remote:        Requirement already satisfied: zipp>=3.20 (from importlib-metadata->dash==2.18.2->-r requirements.txt (line 1)) (3.21.0)        
remote:        Requirement already satisfied: charset-normalizer<4,>=2 (from requests->dash==2.18.2->-r requirements.txt (line 1)) (3.4.1)        
remote:        Requirement already satisfied: idna<4,>=2.5 (from requests->dash==2.18.2->-r requirements.txt (line 1)) (3.10)        
remote:        Requirement already satisfied: urllib3<3,>=1.21.1 (from requests->dash==2.18.2->-r requirements.txt (line 1)) (2.3.0)        
remote:        Requirement already satisfied: certifi>=2017.4.17 (from requests->dash==2.18.2->-r requirements.txt (line 1)) (2025.1.31)        
remote: -----> Discovering process types        
remote:        Procfile declares types -> web        
remote: 
remote: -----> Compressing...        
remote:        Done: 83.4M        
remote: -----> Launching...        
remote:        Released v28        
remote:        https://weather-krini-4b35ab56ba37.herokuapp.com/ deployed to Heroku        
remote: 
remote: Verifying deploy... done.        
To https://git.heroku.com/weather-krini.git
   9251e33..a08bdc5  master -> master
[master 28dd770] automatic push git
 2 files changed, 66 insertions(+)
remote: Updated 16 paths from ab23201        
remote: Compressing source files... done.        
remote: Building source:        
remote: 
remote: -----> Building on the Heroku-24 stack        
remote: -----> Using buildpack: heroku/python        
remote: -----> Python app detected        
remote: -----> No Python version was specified. Using the same major version as the last build: Python 3.13        
remote:        To use a different version, see: https://devcenter.heroku.com/articles/python-runtimes        
remote: -----> Restoring cache        
remote: -----> Using cached install of Python 3.13.2        
remote: -----> Installing pip 24.3.1        
remote: -----> Installing dependencies using 'pip install -r requirements.txt'        
remote:        Requirement already satisfied: dash==2.18.2 (from -r requirements.txt (line 1)) (2.18.2)        
remote:        Requirement already satisfied: dash-core-components==2.0.0 (from -r requirements.txt (line 2)) (2.0.0)        
remote:        Requirement already satisfied: dash-html-components==2.0.0 (from -r requirements.txt (line 3)) (2.0.0)        
remote:        Requirement already satisfied: dash-table==5.0.0 (from -r requirements.txt (line 4)) (5.0.0)        
remote:        Requirement already satisfied: gunicorn==20.1.0 (from -r requirements.txt (line 5)) (20.1.0)        
remote:        Requirement already satisfied: numpy==2.0.2 (from -r requirements.txt (line 6)) (2.0.2)        
remote:        Requirement already satisfied: pandas==2.2.3 (from -r requirements.txt (line 7)) (2.2.3)        
remote:        Requirement already satisfied: plotly==6.0.0 (from -r requirements.txt (line 8)) (6.0.0)        
remote:        Requirement already satisfied: Flask<3.1,>=1.0.4 (from dash==2.18.2->-r requirements.txt (line 1)) (3.0.3)        
remote:        Requirement already satisfied: Werkzeug<3.1 (from dash==2.18.2->-r requirements.txt (line 1)) (3.0.6)        
remote:        Requirement already satisfied: importlib-metadata (from dash==2.18.2->-r requirements.txt (line 1)) (8.6.1)        
remote:        Requirement already satisfied: typing-extensions>=4.1.1 (from dash==2.18.2->-r requirements.txt (line 1)) (4.12.2)        
remote:        Requirement already satisfied: requests (from dash==2.18.2->-r requirements.txt (line 1)) (2.32.3)        
remote:        Requirement already satisfied: retrying (from dash==2.18.2->-r requirements.txt (line 1)) (1.3.4)        
remote:        Requirement already satisfied: nest-asyncio (from dash==2.18.2->-r requirements.txt (line 1)) (1.6.0)        
remote:        Requirement already satisfied: setuptools (from dash==2.18.2->-r requirements.txt (line 1)) (75.8.2)        
remote:        Requirement already satisfied: python-dateutil>=2.8.2 (from pandas==2.2.3->-r requirements.txt (line 7)) (2.9.0.post0)        
remote:        Requirement already satisfied: pytz>=2020.1 (from pandas==2.2.3->-r requirements.txt (line 7)) (2025.1)        
remote:        Requirement already satisfied: tzdata>=2022.7 (from pandas==2.2.3->-r requirements.txt (line 7)) (2025.1)        
remote:        Requirement already satisfied: narwhals>=1.15.1 (from plotly==6.0.0->-r requirements.txt (line 8)) (1.28.0)        
remote:        Requirement already satisfied: packaging (from plotly==6.0.0->-r requirements.txt (line 8)) (24.2)        
remote:        Requirement already satisfied: Jinja2>=3.1.2 (from Flask<3.1,>=1.0.4->dash==2.18.2->-r requirements.txt (line 1)) (3.1.5)        
remote:        Requirement already satisfied: itsdangerous>=2.1.2 (from Flask<3.1,>=1.0.4->dash==2.18.2->-r requirements.txt (line 1)) (2.2.0)        
remote:        Requirement already satisfied: click>=8.1.3 (from Flask<3.1,>=1.0.4->dash==2.18.2->-r requirements.txt (line 1)) (8.1.8)        
remote:        Requirement already satisfied: blinker>=1.6.2 (from Flask<3.1,>=1.0.4->dash==2.18.2->-r requirements.txt (line 1)) (1.9.0)        
remote:        Requirement already satisfied: six>=1.5 (from python-dateutil>=2.8.2->pandas==2.2.3->-r requirements.txt (line 7)) (1.17.0)        
remote:        Requirement already satisfied: MarkupSafe>=2.1.1 (from Werkzeug<3.1->dash==2.18.2->-r requirements.txt (line 1)) (3.0.2)        
remote:        Requirement already satisfied: zipp>=3.20 (from importlib-metadata->dash==2.18.2->-r requirements.txt (line 1)) (3.21.0)        
remote:        Requirement already satisfied: charset-normalizer<4,>=2 (from requests->dash==2.18.2->-r requirements.txt (line 1)) (3.4.1)        
remote:        Requirement already satisfied: idna<4,>=2.5 (from requests->dash==2.18.2->-r requirements.txt (line 1)) (3.10)        
remote:        Requirement already satisfied: urllib3<3,>=1.21.1 (from requests->dash==2.18.2->-r requirements.txt (line 1)) (2.3.0)        
remote:        Requirement already satisfied: certifi>=2017.4.17 (from requests->dash==2.18.2->-r requirements.txt (line 1)) (2025.1.31)        
remote: -----> Discovering process types        
remote:        Procfile declares types -> web        
remote: 
remote: -----> Compressing...        
remote:        Done: 83.4M        
remote: -----> Launching...        
remote:        Released v29        
remote:        https://weather-krini-4b35ab56ba37.herokuapp.com/ deployed to Heroku        
remote: 
remote: Verifying deploy... done.        
To https://git.heroku.com/weather-krini.git
   a08bdc5..28dd770  master -> master
[master a776859] automatic push git
 2 files changed, 65 insertions(+)
remote: Updated 16 paths from 073edfb        
remote: Compressing source files... done.        
remote: Building source:        
remote: 
remote: -----> Building on the Heroku-24 stack        
remote: -----> Using buildpack: heroku/python        
remote: -----> Python app detected        
remote: -----> No Python version was specified. Using the same major version as the last build: Python 3.13        
remote:        To use a different version, see: https://devcenter.heroku.com/articles/python-runtimes        
remote: -----> Restoring cache        
remote: -----> Using cached install of Python 3.13.2        
remote: -----> Installing pip 24.3.1        
remote: -----> Installing dependencies using 'pip install -r requirements.txt'        
remote:        Requirement already satisfied: dash==2.18.2 (from -r requirements.txt (line 1)) (2.18.2)        
remote:        Requirement already satisfied: dash-core-components==2.0.0 (from -r requirements.txt (line 2)) (2.0.0)        
remote:        Requirement already satisfied: dash-html-components==2.0.0 (from -r requirements.txt (line 3)) (2.0.0)        
remote:        Requirement already satisfied: dash-table==5.0.0 (from -r requirements.txt (line 4)) (5.0.0)        
remote:        Requirement already satisfied: gunicorn==20.1.0 (from -r requirements.txt (line 5)) (20.1.0)        
remote:        Requirement already satisfied: numpy==2.0.2 (from -r requirements.txt (line 6)) (2.0.2)        
remote:        Requirement already satisfied: pandas==2.2.3 (from -r requirements.txt (line 7)) (2.2.3)        
remote:        Requirement already satisfied: plotly==6.0.0 (from -r requirements.txt (line 8)) (6.0.0)        
remote:        Requirement already satisfied: Flask<3.1,>=1.0.4 (from dash==2.18.2->-r requirements.txt (line 1)) (3.0.3)        
remote:        Requirement already satisfied: Werkzeug<3.1 (from dash==2.18.2->-r requirements.txt (line 1)) (3.0.6)        
remote:        Requirement already satisfied: importlib-metadata (from dash==2.18.2->-r requirements.txt (line 1)) (8.6.1)        
remote:        Requirement already satisfied: typing-extensions>=4.1.1 (from dash==2.18.2->-r requirements.txt (line 1)) (4.12.2)        
remote:        Requirement already satisfied: requests (from dash==2.18.2->-r requirements.txt (line 1)) (2.32.3)        
remote:        Requirement already satisfied: retrying (from dash==2.18.2->-r requirements.txt (line 1)) (1.3.4)        
remote:        Requirement already satisfied: nest-asyncio (from dash==2.18.2->-r requirements.txt (line 1)) (1.6.0)        
remote:        Requirement already satisfied: setuptools (from dash==2.18.2->-r requirements.txt (line 1)) (75.8.2)        
remote:        Requirement already satisfied: python-dateutil>=2.8.2 (from pandas==2.2.3->-r requirements.txt (line 7)) (2.9.0.post0)        
remote:        Requirement already satisfied: pytz>=2020.1 (from pandas==2.2.3->-r requirements.txt (line 7)) (2025.1)        
remote:        Requirement already satisfied: tzdata>=2022.7 (from pandas==2.2.3->-r requirements.txt (line 7)) (2025.1)        
remote:        Requirement already satisfied: narwhals>=1.15.1 (from plotly==6.0.0->-r requirements.txt (line 8)) (1.28.0)        
remote:        Requirement already satisfied: packaging (from plotly==6.0.0->-r requirements.txt (line 8)) (24.2)        
remote:        Requirement already satisfied: Jinja2>=3.1.2 (from Flask<3.1,>=1.0.4->dash==2.18.2->-r requirements.txt (line 1)) (3.1.5)        
remote:        Requirement already satisfied: itsdangerous>=2.1.2 (from Flask<3.1,>=1.0.4->dash==2.18.2->-r requirements.txt (line 1)) (2.2.0)        
remote:        Requirement already satisfied: click>=8.1.3 (from Flask<3.1,>=1.0.4->dash==2.18.2->-r requirements.txt (line 1)) (8.1.8)        
remote:        Requirement already satisfied: blinker>=1.6.2 (from Flask<3.1,>=1.0.4->dash==2.18.2->-r requirements.txt (line 1)) (1.9.0)        
remote:        Requirement already satisfied: six>=1.5 (from python-dateutil>=2.8.2->pandas==2.2.3->-r requirements.txt (line 7)) (1.17.0)        
remote:        Requirement already satisfied: MarkupSafe>=2.1.1 (from Werkzeug<3.1->dash==2.18.2->-r requirements.txt (line 1)) (3.0.2)        
remote:        Requirement already satisfied: zipp>=3.20 (from importlib-metadata->dash==2.18.2->-r requirements.txt (line 1)) (3.21.0)        
remote:        Requirement already satisfied: charset-normalizer<4,>=2 (from requests->dash==2.18.2->-r requirements.txt (line 1)) (3.4.1)        
remote:        Requirement already satisfied: idna<4,>=2.5 (from requests->dash==2.18.2->-r requirements.txt (line 1)) (3.10)        
remote:        Requirement already satisfied: urllib3<3,>=1.21.1 (from requests->dash==2.18.2->-r requirements.txt (line 1)) (2.3.0)        
remote:        Requirement already satisfied: certifi>=2017.4.17 (from requests->dash==2.18.2->-r requirements.txt (line 1)) (2025.1.31)        
remote: -----> Discovering process types        
remote:        Procfile declares types -> web        
remote: 
remote: -----> Compressing...        
remote:        Done: 83.4M        
remote: -----> Launching...        
remote:        Released v30        
remote:        https://weather-krini-4b35ab56ba37.herokuapp.com/ deployed to Heroku        
remote: 
remote: Verifying deploy... done.        
To https://git.heroku.com/weather-krini.git
   28dd770..a776859  master -> master
[master 7026605] automatic push git
 2 files changed, 66 insertions(+)
remote: Updated 16 paths from befe62d        
remote: Compressing source files... done.        
remote: Building source:        
remote: 
remote: -----> Building on the Heroku-24 stack        
remote: -----> Using buildpack: heroku/python        
remote: -----> Python app detected        
remote: -----> No Python version was specified. Using the same major version as the last build: Python 3.13        
remote:        To use a different version, see: https://devcenter.heroku.com/articles/python-runtimes        
remote: -----> Restoring cache        
remote: -----> Using cached install of Python 3.13.2        
remote: -----> Installing pip 24.3.1        
remote: -----> Installing dependencies using 'pip install -r requirements.txt'        
remote:        Requirement already satisfied: dash==2.18.2 (from -r requirements.txt (line 1)) (2.18.2)        
remote:        Requirement already satisfied: dash-core-components==2.0.0 (from -r requirements.txt (line 2)) (2.0.0)        
remote:        Requirement already satisfied: dash-html-components==2.0.0 (from -r requirements.txt (line 3)) (2.0.0)        
remote:        Requirement already satisfied: dash-table==5.0.0 (from -r requirements.txt (line 4)) (5.0.0)        
remote:        Requirement already satisfied: gunicorn==20.1.0 (from -r requirements.txt (line 5)) (20.1.0)        
remote:        Requirement already satisfied: numpy==2.0.2 (from -r requirements.txt (line 6)) (2.0.2)        
remote:        Requirement already satisfied: pandas==2.2.3 (from -r requirements.txt (line 7)) (2.2.3)        
remote:        Requirement already satisfied: plotly==6.0.0 (from -r requirements.txt (line 8)) (6.0.0)        
remote:        Requirement already satisfied: Flask<3.1,>=1.0.4 (from dash==2.18.2->-r requirements.txt (line 1)) (3.0.3)        
remote:        Requirement already satisfied: Werkzeug<3.1 (from dash==2.18.2->-r requirements.txt (line 1)) (3.0.6)        
remote:        Requirement already satisfied: importlib-metadata (from dash==2.18.2->-r requirements.txt (line 1)) (8.6.1)        
remote:        Requirement already satisfied: typing-extensions>=4.1.1 (from dash==2.18.2->-r requirements.txt (line 1)) (4.12.2)        
remote:        Requirement already satisfied: requests (from dash==2.18.2->-r requirements.txt (line 1)) (2.32.3)        
remote:        Requirement already satisfied: retrying (from dash==2.18.2->-r requirements.txt (line 1)) (1.3.4)        
remote:        Requirement already satisfied: nest-asyncio (from dash==2.18.2->-r requirements.txt (line 1)) (1.6.0)        
remote:        Requirement already satisfied: setuptools (from dash==2.18.2->-r requirements.txt (line 1)) (75.8.2)        
remote:        Requirement already satisfied: python-dateutil>=2.8.2 (from pandas==2.2.3->-r requirements.txt (line 7)) (2.9.0.post0)        
remote:        Requirement already satisfied: pytz>=2020.1 (from pandas==2.2.3->-r requirements.txt (line 7)) (2025.1)        
remote:        Requirement already satisfied: tzdata>=2022.7 (from pandas==2.2.3->-r requirements.txt (line 7)) (2025.1)        
remote:        Requirement already satisfied: narwhals>=1.15.1 (from plotly==6.0.0->-r requirements.txt (line 8)) (1.28.0)        
remote:        Requirement already satisfied: packaging (from plotly==6.0.0->-r requirements.txt (line 8)) (24.2)        
remote:        Requirement already satisfied: Jinja2>=3.1.2 (from Flask<3.1,>=1.0.4->dash==2.18.2->-r requirements.txt (line 1)) (3.1.5)        
remote:        Requirement already satisfied: itsdangerous>=2.1.2 (from Flask<3.1,>=1.0.4->dash==2.18.2->-r requirements.txt (line 1)) (2.2.0)        
remote:        Requirement already satisfied: click>=8.1.3 (from Flask<3.1,>=1.0.4->dash==2.18.2->-r requirements.txt (line 1)) (8.1.8)        
remote:        Requirement already satisfied: blinker>=1.6.2 (from Flask<3.1,>=1.0.4->dash==2.18.2->-r requirements.txt (line 1)) (1.9.0)        
remote:        Requirement already satisfied: six>=1.5 (from python-dateutil>=2.8.2->pandas==2.2.3->-r requirements.txt (line 7)) (1.17.0)        
remote:        Requirement already satisfied: MarkupSafe>=2.1.1 (from Werkzeug<3.1->dash==2.18.2->-r requirements.txt (line 1)) (3.0.2)        
remote:        Requirement already satisfied: zipp>=3.20 (from importlib-metadata->dash==2.18.2->-r requirements.txt (line 1)) (3.21.0)        
remote:        Requirement already satisfied: charset-normalizer<4,>=2 (from requests->dash==2.18.2->-r requirements.txt (line 1)) (3.4.1)        
remote:        Requirement already satisfied: idna<4,>=2.5 (from requests->dash==2.18.2->-r requirements.txt (line 1)) (3.10)        
remote:        Requirement already satisfied: urllib3<3,>=1.21.1 (from requests->dash==2.18.2->-r requirements.txt (line 1)) (2.3.0)        
remote:        Requirement already satisfied: certifi>=2017.4.17 (from requests->dash==2.18.2->-r requirements.txt (line 1)) (2025.1.31)        
remote: -----> Discovering process types        
remote:        Procfile declares types -> web        
remote: 
remote: -----> Compressing...        
remote:        Done: 83.4M        
remote: -----> Launching...        
remote:        Released v31        
remote:        https://weather-krini-4b35ab56ba37.herokuapp.com/ deployed to Heroku        
remote: 
remote: Verifying deploy... done.        
To https://git.heroku.com/weather-krini.git
   a776859..7026605  master -> master
[master 214b8b7] automatic push git
 2 files changed, 66 insertions(+)
remote: Updated 16 paths from ec0d0ca        
remote: Compressing source files... done.        
remote: Building source:        
remote: 
remote: -----> Building on the Heroku-24 stack        
remote: -----> Using buildpack: heroku/python        
remote: -----> Python app detected        
remote: -----> No Python version was specified. Using the same major version as the last build: Python 3.13        
remote:        To use a different version, see: https://devcenter.heroku.com/articles/python-runtimes        
remote: -----> Restoring cache        
remote: -----> Using cached install of Python 3.13.2        
remote: -----> Installing pip 24.3.1        
remote: -----> Installing dependencies using 'pip install -r requirements.txt'        
remote:        Requirement already satisfied: dash==2.18.2 (from -r requirements.txt (line 1)) (2.18.2)        
remote:        Requirement already satisfied: dash-core-components==2.0.0 (from -r requirements.txt (line 2)) (2.0.0)        
remote:        Requirement already satisfied: dash-html-components==2.0.0 (from -r requirements.txt (line 3)) (2.0.0)        
remote:        Requirement already satisfied: dash-table==5.0.0 (from -r requirements.txt (line 4)) (5.0.0)        
remote:        Requirement already satisfied: gunicorn==20.1.0 (from -r requirements.txt (line 5)) (20.1.0)        
remote:        Requirement already satisfied: numpy==2.0.2 (from -r requirements.txt (line 6)) (2.0.2)        
remote:        Requirement already satisfied: pandas==2.2.3 (from -r requirements.txt (line 7)) (2.2.3)        
remote:        Requirement already satisfied: plotly==6.0.0 (from -r requirements.txt (line 8)) (6.0.0)        
remote:        Requirement already satisfied: Flask<3.1,>=1.0.4 (from dash==2.18.2->-r requirements.txt (line 1)) (3.0.3)        
remote:        Requirement already satisfied: Werkzeug<3.1 (from dash==2.18.2->-r requirements.txt (line 1)) (3.0.6)        
remote:        Requirement already satisfied: importlib-metadata (from dash==2.18.2->-r requirements.txt (line 1)) (8.6.1)        
remote:        Requirement already satisfied: typing-extensions>=4.1.1 (from dash==2.18.2->-r requirements.txt (line 1)) (4.12.2)        
remote:        Requirement already satisfied: requests (from dash==2.18.2->-r requirements.txt (line 1)) (2.32.3)        
remote:        Requirement already satisfied: retrying (from dash==2.18.2->-r requirements.txt (line 1)) (1.3.4)        
remote:        Requirement already satisfied: nest-asyncio (from dash==2.18.2->-r requirements.txt (line 1)) (1.6.0)        
remote:        Requirement already satisfied: setuptools (from dash==2.18.2->-r requirements.txt (line 1)) (75.8.2)        
remote:        Requirement already satisfied: python-dateutil>=2.8.2 (from pandas==2.2.3->-r requirements.txt (line 7)) (2.9.0.post0)        
remote:        Requirement already satisfied: pytz>=2020.1 (from pandas==2.2.3->-r requirements.txt (line 7)) (2025.1)        
remote:        Requirement already satisfied: tzdata>=2022.7 (from pandas==2.2.3->-r requirements.txt (line 7)) (2025.1)        
remote:        Requirement already satisfied: narwhals>=1.15.1 (from plotly==6.0.0->-r requirements.txt (line 8)) (1.28.0)        
remote:        Requirement already satisfied: packaging (from plotly==6.0.0->-r requirements.txt (line 8)) (24.2)        
remote:        Requirement already satisfied: Jinja2>=3.1.2 (from Flask<3.1,>=1.0.4->dash==2.18.2->-r requirements.txt (line 1)) (3.1.5)        
remote:        Requirement already satisfied: itsdangerous>=2.1.2 (from Flask<3.1,>=1.0.4->dash==2.18.2->-r requirements.txt (line 1)) (2.2.0)        
remote:        Requirement already satisfied: click>=8.1.3 (from Flask<3.1,>=1.0.4->dash==2.18.2->-r requirements.txt (line 1)) (8.1.8)        
remote:        Requirement already satisfied: blinker>=1.6.2 (from Flask<3.1,>=1.0.4->dash==2.18.2->-r requirements.txt (line 1)) (1.9.0)        
remote:        Requirement already satisfied: six>=1.5 (from python-dateutil>=2.8.2->pandas==2.2.3->-r requirements.txt (line 7)) (1.17.0)        
remote:        Requirement already satisfied: MarkupSafe>=2.1.1 (from Werkzeug<3.1->dash==2.18.2->-r requirements.txt (line 1)) (3.0.2)        
remote:        Requirement already satisfied: zipp>=3.20 (from importlib-metadata->dash==2.18.2->-r requirements.txt (line 1)) (3.21.0)        
remote:        Requirement already satisfied: charset-normalizer<4,>=2 (from requests->dash==2.18.2->-r requirements.txt (line 1)) (3.4.1)        
remote:        Requirement already satisfied: idna<4,>=2.5 (from requests->dash==2.18.2->-r requirements.txt (line 1)) (3.10)        
remote:        Requirement already satisfied: urllib3<3,>=1.21.1 (from requests->dash==2.18.2->-r requirements.txt (line 1)) (2.3.0)        
remote:        Requirement already satisfied: certifi>=2017.4.17 (from requests->dash==2.18.2->-r requirements.txt (line 1)) (2025.1.31)        
remote: -----> Discovering process types        
remote:        Procfile declares types -> web        
remote: 
remote: -----> Compressing...        
remote:        Done: 83.4M        
remote: -----> Launching...        
remote:        Released v32        
remote:        https://weather-krini-4b35ab56ba37.herokuapp.com/ deployed to Heroku        
remote: 
remote: Verifying deploy... done.        
To https://git.heroku.com/weather-krini.git
   7026605..214b8b7  master -> master
[master 9e2cb68] automatic push git
 2 files changed, 65 insertions(+)
remote: Updated 16 paths from 90737c1        
remote: Compressing source files... done.        
remote: Building source:        
remote: 
remote: -----> Building on the Heroku-24 stack        
remote: -----> Using buildpack: heroku/python        
remote: -----> Python app detected        
remote: -----> No Python version was specified. Using the same major version as the last build: Python 3.13        
remote:        To use a different version, see: https://devcenter.heroku.com/articles/python-runtimes        
remote: -----> Restoring cache        
remote: -----> Using cached install of Python 3.13.2        
remote: -----> Installing pip 24.3.1        
remote: -----> Installing dependencies using 'pip install -r requirements.txt'        
remote:        Requirement already satisfied: dash==2.18.2 (from -r requirements.txt (line 1)) (2.18.2)        
remote:        Requirement already satisfied: dash-core-components==2.0.0 (from -r requirements.txt (line 2)) (2.0.0)        
remote:        Requirement already satisfied: dash-html-components==2.0.0 (from -r requirements.txt (line 3)) (2.0.0)        
remote:        Requirement already satisfied: dash-table==5.0.0 (from -r requirements.txt (line 4)) (5.0.0)        
remote:        Requirement already satisfied: gunicorn==20.1.0 (from -r requirements.txt (line 5)) (20.1.0)        
remote:        Requirement already satisfied: numpy==2.0.2 (from -r requirements.txt (line 6)) (2.0.2)        
remote:        Requirement already satisfied: pandas==2.2.3 (from -r requirements.txt (line 7)) (2.2.3)        
remote:        Requirement already satisfied: plotly==6.0.0 (from -r requirements.txt (line 8)) (6.0.0)        
remote:        Requirement already satisfied: Flask<3.1,>=1.0.4 (from dash==2.18.2->-r requirements.txt (line 1)) (3.0.3)        
remote:        Requirement already satisfied: Werkzeug<3.1 (from dash==2.18.2->-r requirements.txt (line 1)) (3.0.6)        
remote:        Requirement already satisfied: importlib-metadata (from dash==2.18.2->-r requirements.txt (line 1)) (8.6.1)        
remote:        Requirement already satisfied: typing-extensions>=4.1.1 (from dash==2.18.2->-r requirements.txt (line 1)) (4.12.2)        
remote:        Requirement already satisfied: requests (from dash==2.18.2->-r requirements.txt (line 1)) (2.32.3)        
remote:        Requirement already satisfied: retrying (from dash==2.18.2->-r requirements.txt (line 1)) (1.3.4)        
remote:        Requirement already satisfied: nest-asyncio (from dash==2.18.2->-r requirements.txt (line 1)) (1.6.0)        
remote:        Requirement already satisfied: setuptools (from dash==2.18.2->-r requirements.txt (line 1)) (75.8.2)        
remote:        Requirement already satisfied: python-dateutil>=2.8.2 (from pandas==2.2.3->-r requirements.txt (line 7)) (2.9.0.post0)        
remote:        Requirement already satisfied: pytz>=2020.1 (from pandas==2.2.3->-r requirements.txt (line 7)) (2025.1)        
remote:        Requirement already satisfied: tzdata>=2022.7 (from pandas==2.2.3->-r requirements.txt (line 7)) (2025.1)        
remote:        Requirement already satisfied: narwhals>=1.15.1 (from plotly==6.0.0->-r requirements.txt (line 8)) (1.28.0)        
remote:        Requirement already satisfied: packaging (from plotly==6.0.0->-r requirements.txt (line 8)) (24.2)        
remote:        Requirement already satisfied: Jinja2>=3.1.2 (from Flask<3.1,>=1.0.4->dash==2.18.2->-r requirements.txt (line 1)) (3.1.5)        
remote:        Requirement already satisfied: itsdangerous>=2.1.2 (from Flask<3.1,>=1.0.4->dash==2.18.2->-r requirements.txt (line 1)) (2.2.0)        
remote:        Requirement already satisfied: click>=8.1.3 (from Flask<3.1,>=1.0.4->dash==2.18.2->-r requirements.txt (line 1)) (8.1.8)        
remote:        Requirement already satisfied: blinker>=1.6.2 (from Flask<3.1,>=1.0.4->dash==2.18.2->-r requirements.txt (line 1)) (1.9.0)        
remote:        Requirement already satisfied: six>=1.5 (from python-dateutil>=2.8.2->pandas==2.2.3->-r requirements.txt (line 7)) (1.17.0)        
remote:        Requirement already satisfied: MarkupSafe>=2.1.1 (from Werkzeug<3.1->dash==2.18.2->-r requirements.txt (line 1)) (3.0.2)        
remote:        Requirement already satisfied: zipp>=3.20 (from importlib-metadata->dash==2.18.2->-r requirements.txt (line 1)) (3.21.0)        
remote:        Requirement already satisfied: charset-normalizer<4,>=2 (from requests->dash==2.18.2->-r requirements.txt (line 1)) (3.4.1)        
remote:        Requirement already satisfied: idna<4,>=2.5 (from requests->dash==2.18.2->-r requirements.txt (line 1)) (3.10)        
remote:        Requirement already satisfied: urllib3<3,>=1.21.1 (from requests->dash==2.18.2->-r requirements.txt (line 1)) (2.3.0)        
remote:        Requirement already satisfied: certifi>=2017.4.17 (from requests->dash==2.18.2->-r requirements.txt (line 1)) (2025.1.31)        
remote: -----> Discovering process types        
remote:        Procfile declares types -> web        
remote: 
remote: -----> Compressing...        
remote:        Done: 83.4M        
remote: -----> Launching...        
remote:        Released v33        
remote:        https://weather-krini-4b35ab56ba37.herokuapp.com/ deployed to Heroku        
remote: 
remote: Verifying deploy... done.        
To https://git.heroku.com/weather-krini.git
   214b8b7..9e2cb68  master -> master
[master 54178ef] automatic push git
 2 files changed, 66 insertions(+)
remote: Updated 16 paths from 3c4bf90        
remote: Compressing source files... done.        
remote: Building source:        
remote: 
remote: -----> Building on the Heroku-24 stack        
remote: -----> Using buildpack: heroku/python        
remote: -----> Python app detected        
remote: -----> No Python version was specified. Using the same major version as the last build: Python 3.13        
remote:        To use a different version, see: https://devcenter.heroku.com/articles/python-runtimes        
remote: -----> Restoring cache        
remote: -----> Using cached install of Python 3.13.2        
remote: -----> Installing pip 24.3.1        
remote: -----> Installing dependencies using 'pip install -r requirements.txt'        
remote:        Requirement already satisfied: dash==2.18.2 (from -r requirements.txt (line 1)) (2.18.2)        
remote:        Requirement already satisfied: dash-core-components==2.0.0 (from -r requirements.txt (line 2)) (2.0.0)        
remote:        Requirement already satisfied: dash-html-components==2.0.0 (from -r requirements.txt (line 3)) (2.0.0)        
remote:        Requirement already satisfied: dash-table==5.0.0 (from -r requirements.txt (line 4)) (5.0.0)        
remote:        Requirement already satisfied: gunicorn==20.1.0 (from -r requirements.txt (line 5)) (20.1.0)        
remote:        Requirement already satisfied: numpy==2.0.2 (from -r requirements.txt (line 6)) (2.0.2)        
remote:        Requirement already satisfied: pandas==2.2.3 (from -r requirements.txt (line 7)) (2.2.3)        
remote:        Requirement already satisfied: plotly==6.0.0 (from -r requirements.txt (line 8)) (6.0.0)        
remote:        Requirement already satisfied: Flask<3.1,>=1.0.4 (from dash==2.18.2->-r requirements.txt (line 1)) (3.0.3)        
remote:        Requirement already satisfied: Werkzeug<3.1 (from dash==2.18.2->-r requirements.txt (line 1)) (3.0.6)        
remote:        Requirement already satisfied: importlib-metadata (from dash==2.18.2->-r requirements.txt (line 1)) (8.6.1)        
remote:        Requirement already satisfied: typing-extensions>=4.1.1 (from dash==2.18.2->-r requirements.txt (line 1)) (4.12.2)        
remote:        Requirement already satisfied: requests (from dash==2.18.2->-r requirements.txt (line 1)) (2.32.3)        
remote:        Requirement already satisfied: retrying (from dash==2.18.2->-r requirements.txt (line 1)) (1.3.4)        
remote:        Requirement already satisfied: nest-asyncio (from dash==2.18.2->-r requirements.txt (line 1)) (1.6.0)        
remote:        Requirement already satisfied: setuptools (from dash==2.18.2->-r requirements.txt (line 1)) (75.8.2)        
remote:        Requirement already satisfied: python-dateutil>=2.8.2 (from pandas==2.2.3->-r requirements.txt (line 7)) (2.9.0.post0)        
remote:        Requirement already satisfied: pytz>=2020.1 (from pandas==2.2.3->-r requirements.txt (line 7)) (2025.1)        
remote:        Requirement already satisfied: tzdata>=2022.7 (from pandas==2.2.3->-r requirements.txt (line 7)) (2025.1)        
remote:        Requirement already satisfied: narwhals>=1.15.1 (from plotly==6.0.0->-r requirements.txt (line 8)) (1.28.0)        
remote:        Requirement already satisfied: packaging (from plotly==6.0.0->-r requirements.txt (line 8)) (24.2)        
remote:        Requirement already satisfied: Jinja2>=3.1.2 (from Flask<3.1,>=1.0.4->dash==2.18.2->-r requirements.txt (line 1)) (3.1.5)        
remote:        Requirement already satisfied: itsdangerous>=2.1.2 (from Flask<3.1,>=1.0.4->dash==2.18.2->-r requirements.txt (line 1)) (2.2.0)        
remote:        Requirement already satisfied: click>=8.1.3 (from Flask<3.1,>=1.0.4->dash==2.18.2->-r requirements.txt (line 1)) (8.1.8)        
remote:        Requirement already satisfied: blinker>=1.6.2 (from Flask<3.1,>=1.0.4->dash==2.18.2->-r requirements.txt (line 1)) (1.9.0)        
remote:        Requirement already satisfied: six>=1.5 (from python-dateutil>=2.8.2->pandas==2.2.3->-r requirements.txt (line 7)) (1.17.0)        
remote:        Requirement already satisfied: MarkupSafe>=2.1.1 (from Werkzeug<3.1->dash==2.18.2->-r requirements.txt (line 1)) (3.0.2)        
remote:        Requirement already satisfied: zipp>=3.20 (from importlib-metadata->dash==2.18.2->-r requirements.txt (line 1)) (3.21.0)        
remote:        Requirement already satisfied: charset-normalizer<4,>=2 (from requests->dash==2.18.2->-r requirements.txt (line 1)) (3.4.1)        
remote:        Requirement already satisfied: idna<4,>=2.5 (from requests->dash==2.18.2->-r requirements.txt (line 1)) (3.10)        
remote:        Requirement already satisfied: urllib3<3,>=1.21.1 (from requests->dash==2.18.2->-r requirements.txt (line 1)) (2.3.0)        
remote:        Requirement already satisfied: certifi>=2017.4.17 (from requests->dash==2.18.2->-r requirements.txt (line 1)) (2025.1.31)        
remote: -----> Discovering process types
remote:        Procfile declares types -> web        
remote: 
remote: -----> Compressing...        
remote:        Done: 83.4M        
remote: -----> Launching...        
remote:        Released v34        
remote:        https://weather-krini-4b35ab56ba37.herokuapp.com/ deployed to Heroku        
remote: 
remote: Verifying deploy... done.        
To https://git.heroku.com/weather-krini.git
   9e2cb68..54178ef  master -> master
[master bb42948] automatic push git
 2 files changed, 66 insertions(+)
remote: Updated 16 paths from e35edfc        
remote: Compressing source files... done.        
remote: Building source:        
remote: 
remote: -----> Building on the Heroku-24 stack        
remote: -----> Using buildpack: heroku/python        
remote: -----> Python app detected        
remote: -----> No Python version was specified. Using the same major version as the last build: Python 3.13        
remote:        To use a different version, see: https://devcenter.heroku.com/articles/python-runtimes        
remote: -----> Restoring cache        
remote: -----> Using cached install of Python 3.13.2        
remote: -----> Installing pip 24.3.1        
remote: -----> Installing dependencies using 'pip install -r requirements.txt'        
remote:        Requirement already satisfied: dash==2.18.2 (from -r requirements.txt (line 1)) (2.18.2)        
remote:        Requirement already satisfied: dash-core-components==2.0.0 (from -r requirements.txt (line 2)) (2.0.0)        
remote:        Requirement already satisfied: dash-html-components==2.0.0 (from -r requirements.txt (line 3)) (2.0.0)        
remote:        Requirement already satisfied: dash-table==5.0.0 (from -r requirements.txt (line 4)) (5.0.0)        
remote:        Requirement already satisfied: gunicorn==20.1.0 (from -r requirements.txt (line 5)) (20.1.0)        
remote:        Requirement already satisfied: numpy==2.0.2 (from -r requirements.txt (line 6)) (2.0.2)        
remote:        Requirement already satisfied: pandas==2.2.3 (from -r requirements.txt (line 7)) (2.2.3)        
remote:        Requirement already satisfied: plotly==6.0.0 (from -r requirements.txt (line 8)) (6.0.0)        
remote:        Requirement already satisfied: Flask<3.1,>=1.0.4 (from dash==2.18.2->-r requirements.txt (line 1)) (3.0.3)        
remote:        Requirement already satisfied: Werkzeug<3.1 (from dash==2.18.2->-r requirements.txt (line 1)) (3.0.6)        
remote:        Requirement already satisfied: importlib-metadata (from dash==2.18.2->-r requirements.txt (line 1)) (8.6.1)        
remote:        Requirement already satisfied: typing-extensions>=4.1.1 (from dash==2.18.2->-r requirements.txt (line 1)) (4.12.2)        
remote:        Requirement already satisfied: requests (from dash==2.18.2->-r requirements.txt (line 1)) (2.32.3)        
remote:        Requirement already satisfied: retrying (from dash==2.18.2->-r requirements.txt (line 1)) (1.3.4)        
remote:        Requirement already satisfied: nest-asyncio (from dash==2.18.2->-r requirements.txt (line 1)) (1.6.0)        
remote:        Requirement already satisfied: setuptools (from dash==2.18.2->-r requirements.txt (line 1)) (75.8.2)        
remote:        Requirement already satisfied: python-dateutil>=2.8.2 (from pandas==2.2.3->-r requirements.txt (line 7)) (2.9.0.post0)        
remote:        Requirement already satisfied: pytz>=2020.1 (from pandas==2.2.3->-r requirements.txt (line 7)) (2025.1)        
remote:        Requirement already satisfied: tzdata>=2022.7 (from pandas==2.2.3->-r requirements.txt (line 7)) (2025.1)        
remote:        Requirement already satisfied: narwhals>=1.15.1 (from plotly==6.0.0->-r requirements.txt (line 8)) (1.28.0)        
remote:        Requirement already satisfied: packaging (from plotly==6.0.0->-r requirements.txt (line 8)) (24.2)        
remote:        Requirement already satisfied: Jinja2>=3.1.2 (from Flask<3.1,>=1.0.4->dash==2.18.2->-r requirements.txt (line 1)) (3.1.5)        
remote:        Requirement already satisfied: itsdangerous>=2.1.2 (from Flask<3.1,>=1.0.4->dash==2.18.2->-r requirements.txt (line 1)) (2.2.0)        
remote:        Requirement already satisfied: click>=8.1.3 (from Flask<3.1,>=1.0.4->dash==2.18.2->-r requirements.txt (line 1)) (8.1.8)        
remote:        Requirement already satisfied: blinker>=1.6.2 (from Flask<3.1,>=1.0.4->dash==2.18.2->-r requirements.txt (line 1)) (1.9.0)        
remote:        Requirement already satisfied: six>=1.5 (from python-dateutil>=2.8.2->pandas==2.2.3->-r requirements.txt (line 7)) (1.17.0)        
remote:        Requirement already satisfied: MarkupSafe>=2.1.1 (from Werkzeug<3.1->dash==2.18.2->-r requirements.txt (line 1)) (3.0.2)        
remote:        Requirement already satisfied: zipp>=3.20 (from importlib-metadata->dash==2.18.2->-r requirements.txt (line 1)) (3.21.0)        
remote:        Requirement already satisfied: charset-normalizer<4,>=2 (from requests->dash==2.18.2->-r requirements.txt (line 1)) (3.4.1)        
remote:        Requirement already satisfied: idna<4,>=2.5 (from requests->dash==2.18.2->-r requirements.txt (line 1)) (3.10)        
remote:        Requirement already satisfied: urllib3<3,>=1.21.1 (from requests->dash==2.18.2->-r requirements.txt (line 1)) (2.3.0)        
remote:        Requirement already satisfied: certifi>=2017.4.17 (from requests->dash==2.18.2->-r requirements.txt (line 1)) (2025.1.31)        
remote: -----> Discovering process types        
remote:        Procfile declares types -> web        
remote: 
remote: -----> Compressing...        
remote:        Done: 83.4M        
remote: -----> Launching...        
remote:        Released v35        
remote:        https://weather-krini-4b35ab56ba37.herokuapp.com/ deployed to Heroku        
remote: 
remote: Verifying deploy... done.        
To https://git.heroku.com/weather-krini.git
   54178ef..bb42948  master -> master
[master 83e43a0] automatic push git
 2 files changed, 65 insertions(+)
remote: Updated 16 paths from bf82a0a        
remote: Compressing source files... done.        
remote: Building source:        
remote: 
remote: -----> Building on the Heroku-24 stack        
remote: -----> Using buildpack: heroku/python        
remote: -----> Python app detected        
remote: -----> No Python version was specified. Using the same major version as the last build: Python 3.13        
remote:        To use a different version, see: https://devcenter.heroku.com/articles/python-runtimes        
remote: -----> Restoring cache        
remote: -----> Using cached install of Python 3.13.2        
remote: -----> Installing pip 24.3.1        
remote: -----> Installing dependencies using 'pip install -r requirements.txt'        
remote:        Requirement already satisfied: dash==2.18.2 (from -r requirements.txt (line 1)) (2.18.2)        
remote:        Requirement already satisfied: dash-core-components==2.0.0 (from -r requirements.txt (line 2)) (2.0.0)        
remote:        Requirement already satisfied: dash-html-components==2.0.0 (from -r requirements.txt (line 3)) (2.0.0)        
remote:        Requirement already satisfied: dash-table==5.0.0 (from -r requirements.txt (line 4)) (5.0.0)        
remote:        Requirement already satisfied: gunicorn==20.1.0 (from -r requirements.txt (line 5)) (20.1.0)        
remote:        Requirement already satisfied: numpy==2.0.2 (from -r requirements.txt (line 6)) (2.0.2)        
remote:        Requirement already satisfied: pandas==2.2.3 (from -r requirements.txt (line 7)) (2.2.3)        
remote:        Requirement already satisfied: plotly==6.0.0 (from -r requirements.txt (line 8)) (6.0.0)        
remote:        Requirement already satisfied: Flask<3.1,>=1.0.4 (from dash==2.18.2->-r requirements.txt (line 1)) (3.0.3)        
remote:        Requirement already satisfied: Werkzeug<3.1 (from dash==2.18.2->-r requirements.txt (line 1)) (3.0.6)        
remote:        Requirement already satisfied: importlib-metadata (from dash==2.18.2->-r requirements.txt (line 1)) (8.6.1)        
remote:        Requirement already satisfied: typing-extensions>=4.1.1 (from dash==2.18.2->-r requirements.txt (line 1)) (4.12.2)        
remote:        Requirement already satisfied: requests (from dash==2.18.2->-r requirements.txt (line 1)) (2.32.3)        
remote:        Requirement already satisfied: retrying (from dash==2.18.2->-r requirements.txt (line 1)) (1.3.4)        
remote:        Requirement already satisfied: nest-asyncio (from dash==2.18.2->-r requirements.txt (line 1)) (1.6.0)        
remote:        Requirement already satisfied: setuptools (from dash==2.18.2->-r requirements.txt (line 1)) (75.8.2)        
remote:        Requirement already satisfied: python-dateutil>=2.8.2 (from pandas==2.2.3->-r requirements.txt (line 7)) (2.9.0.post0)        
remote:        Requirement already satisfied: pytz>=2020.1 (from pandas==2.2.3->-r requirements.txt (line 7)) (2025.1)        
remote:        Requirement already satisfied: tzdata>=2022.7 (from pandas==2.2.3->-r requirements.txt (line 7)) (2025.1)        
remote:        Requirement already satisfied: narwhals>=1.15.1 (from plotly==6.0.0->-r requirements.txt (line 8)) (1.28.0)        
remote:        Requirement already satisfied: packaging (from plotly==6.0.0->-r requirements.txt (line 8)) (24.2)        
remote:        Requirement already satisfied: Jinja2>=3.1.2 (from Flask<3.1,>=1.0.4->dash==2.18.2->-r requirements.txt (line 1)) (3.1.5)        
remote:        Requirement already satisfied: itsdangerous>=2.1.2 (from Flask<3.1,>=1.0.4->dash==2.18.2->-r requirements.txt (line 1)) (2.2.0)        
remote:        Requirement already satisfied: click>=8.1.3 (from Flask<3.1,>=1.0.4->dash==2.18.2->-r requirements.txt (line 1)) (8.1.8)        
remote:        Requirement already satisfied: blinker>=1.6.2 (from Flask<3.1,>=1.0.4->dash==2.18.2->-r requirements.txt (line 1)) (1.9.0)        
remote:        Requirement already satisfied: six>=1.5 (from python-dateutil>=2.8.2->pandas==2.2.3->-r requirements.txt (line 7)) (1.17.0)        
remote:        Requirement already satisfied: MarkupSafe>=2.1.1 (from Werkzeug<3.1->dash==2.18.2->-r requirements.txt (line 1)) (3.0.2)        
remote:        Requirement already satisfied: zipp>=3.20 (from importlib-metadata->dash==2.18.2->-r requirements.txt (line 1)) (3.21.0)        
remote:        Requirement already satisfied: charset-normalizer<4,>=2 (from requests->dash==2.18.2->-r requirements.txt (line 1)) (3.4.1)        
remote:        Requirement already satisfied: idna<4,>=2.5 (from requests->dash==2.18.2->-r requirements.txt (line 1)) (3.10)        
remote:        Requirement already satisfied: urllib3<3,>=1.21.1 (from requests->dash==2.18.2->-r requirements.txt (line 1)) (2.3.0)        
remote:        Requirement already satisfied: certifi>=2017.4.17 (from requests->dash==2.18.2->-r requirements.txt (line 1)) (2025.1.31)        
remote: -----> Discovering process types        
remote:        Procfile declares types -> web        
remote: 
remote: -----> Compressing...        
remote:        Done: 83.4M        
remote: -----> Launching...        
remote:        Released v36        
remote:        https://weather-krini-4b35ab56ba37.herokuapp.com/ deployed to Heroku        
remote: 
remote: Verifying deploy... done.        
To https://git.heroku.com/weather-krini.git
   bb42948..83e43a0  master -> master
[master 016891b] automatic push git
 2 files changed, 66 insertions(+)
remote: Updated 16 paths from 6b8f950        
remote: Compressing source files... done.        
remote: Building source:        
remote: 
remote: -----> Building on the Heroku-24 stack        
remote: -----> Using buildpack: heroku/python        
remote: -----> Python app detected        
remote: -----> No Python version was specified. Using the same major version as the last build: Python 3.13        
remote:        To use a different version, see: https://devcenter.heroku.com/articles/python-runtimes        
remote: -----> Restoring cache        
remote: -----> Using cached install of Python 3.13.2        
remote: -----> Installing pip 24.3.1        
remote: -----> Installing dependencies using 'pip install -r requirements.txt'        
remote:        Requirement already satisfied: dash==2.18.2 (from -r requirements.txt (line 1)) (2.18.2)        
remote:        Requirement already satisfied: dash-core-components==2.0.0 (from -r requirements.txt (line 2)) (2.0.0)        
remote:        Requirement already satisfied: dash-html-components==2.0.0 (from -r requirements.txt (line 3)) (2.0.0)        
remote:        Requirement already satisfied: dash-table==5.0.0 (from -r requirements.txt (line 4)) (5.0.0)        
remote:        Requirement already satisfied: gunicorn==20.1.0 (from -r requirements.txt (line 5)) (20.1.0)        
remote:        Requirement already satisfied: numpy==2.0.2 (from -r requirements.txt (line 6)) (2.0.2)        
remote:        Requirement already satisfied: pandas==2.2.3 (from -r requirements.txt (line 7)) (2.2.3)        
remote:        Requirement already satisfied: plotly==6.0.0 (from -r requirements.txt (line 8)) (6.0.0)        
remote:        Requirement already satisfied: Flask<3.1,>=1.0.4 (from dash==2.18.2->-r requirements.txt (line 1)) (3.0.3)        
remote:        Requirement already satisfied: Werkzeug<3.1 (from dash==2.18.2->-r requirements.txt (line 1)) (3.0.6)        
remote:        Requirement already satisfied: importlib-metadata (from dash==2.18.2->-r requirements.txt (line 1)) (8.6.1)        
remote:        Requirement already satisfied: typing-extensions>=4.1.1 (from dash==2.18.2->-r requirements.txt (line 1)) (4.12.2)        
remote:        Requirement already satisfied: requests (from dash==2.18.2->-r requirements.txt (line 1)) (2.32.3)        
remote:        Requirement already satisfied: retrying (from dash==2.18.2->-r requirements.txt (line 1)) (1.3.4)        
remote:        Requirement already satisfied: nest-asyncio (from dash==2.18.2->-r requirements.txt (line 1)) (1.6.0)        
remote:        Requirement already satisfied: setuptools (from dash==2.18.2->-r requirements.txt (line 1)) (75.8.2)        
remote:        Requirement already satisfied: python-dateutil>=2.8.2 (from pandas==2.2.3->-r requirements.txt (line 7)) (2.9.0.post0)        
remote:        Requirement already satisfied: pytz>=2020.1 (from pandas==2.2.3->-r requirements.txt (line 7)) (2025.1)        
remote:        Requirement already satisfied: tzdata>=2022.7 (from pandas==2.2.3->-r requirements.txt (line 7)) (2025.1)        
remote:        Requirement already satisfied: narwhals>=1.15.1 (from plotly==6.0.0->-r requirements.txt (line 8)) (1.28.0)        
remote:        Requirement already satisfied: packaging (from plotly==6.0.0->-r requirements.txt (line 8)) (24.2)        
remote:        Requirement already satisfied: Jinja2>=3.1.2 (from Flask<3.1,>=1.0.4->dash==2.18.2->-r requirements.txt (line 1)) (3.1.5)        
remote:        Requirement already satisfied: itsdangerous>=2.1.2 (from Flask<3.1,>=1.0.4->dash==2.18.2->-r requirements.txt (line 1)) (2.2.0)        
remote:        Requirement already satisfied: click>=8.1.3 (from Flask<3.1,>=1.0.4->dash==2.18.2->-r requirements.txt (line 1)) (8.1.8)        
remote:        Requirement already satisfied: blinker>=1.6.2 (from Flask<3.1,>=1.0.4->dash==2.18.2->-r requirements.txt (line 1)) (1.9.0)        
remote:        Requirement already satisfied: six>=1.5 (from python-dateutil>=2.8.2->pandas==2.2.3->-r requirements.txt (line 7)) (1.17.0)        
remote:        Requirement already satisfied: MarkupSafe>=2.1.1 (from Werkzeug<3.1->dash==2.18.2->-r requirements.txt (line 1)) (3.0.2)        
remote:        Requirement already satisfied: zipp>=3.20 (from importlib-metadata->dash==2.18.2->-r requirements.txt (line 1)) (3.21.0)        
remote:        Requirement already satisfied: charset-normalizer<4,>=2 (from requests->dash==2.18.2->-r requirements.txt (line 1)) (3.4.1)        
remote:        Requirement already satisfied: idna<4,>=2.5 (from requests->dash==2.18.2->-r requirements.txt (line 1)) (3.10)        
remote:        Requirement already satisfied: urllib3<3,>=1.21.1 (from requests->dash==2.18.2->-r requirements.txt (line 1)) (2.3.0)        
remote:        Requirement already satisfied: certifi>=2017.4.17 (from requests->dash==2.18.2->-r requirements.txt (line 1)) (2025.1.31)        
remote: -----> Discovering process types        
remote:        Procfile declares types -> web        
remote: 
remote: -----> Compressing...        
remote:        Done: 83.4M        
remote: -----> Launching...        
remote:        Released v37        
remote:        https://weather-krini-4b35ab56ba37.herokuapp.com/ deployed to Heroku        
remote: 
remote: Verifying deploy... done.        
To https://git.heroku.com/weather-krini.git
   83e43a0..016891b  master -> master
[master 28049e8] automatic push git
 2 files changed, 66 insertions(+)
remote: Updated 16 paths from 9f331f1        
remote: Compressing source files... done.        
remote: Building source:        
remote: 
remote: -----> Building on the Heroku-24 stack        
remote: -----> Using buildpack: heroku/python        
remote: -----> Python app detected        
remote: -----> No Python version was specified. Using the same major version as the last build: Python 3.13        
remote:        To use a different version, see: https://devcenter.heroku.com/articles/python-runtimes        
remote: -----> Restoring cache        
remote: -----> Using cached install of Python 3.13.2        
remote: -----> Installing pip 24.3.1        
remote: -----> Installing dependencies using 'pip install -r requirements.txt'        
remote:        Requirement already satisfied: dash==2.18.2 (from -r requirements.txt (line 1)) (2.18.2)        
remote:        Requirement already satisfied: dash-core-components==2.0.0 (from -r requirements.txt (line 2)) (2.0.0)        
remote:        Requirement already satisfied: dash-html-components==2.0.0 (from -r requirements.txt (line 3)) (2.0.0)        
remote:        Requirement already satisfied: dash-table==5.0.0 (from -r requirements.txt (line 4)) (5.0.0)        
remote:        Requirement already satisfied: gunicorn==20.1.0 (from -r requirements.txt (line 5)) (20.1.0)        
remote:        Requirement already satisfied: numpy==2.0.2 (from -r requirements.txt (line 6)) (2.0.2)        
remote:        Requirement already satisfied: pandas==2.2.3 (from -r requirements.txt (line 7)) (2.2.3)        
remote:        Requirement already satisfied: plotly==6.0.0 (from -r requirements.txt (line 8)) (6.0.0)        
remote:        Requirement already satisfied: Flask<3.1,>=1.0.4 (from dash==2.18.2->-r requirements.txt (line 1)) (3.0.3)        
remote:        Requirement already satisfied: Werkzeug<3.1 (from dash==2.18.2->-r requirements.txt (line 1)) (3.0.6)        
remote:        Requirement already satisfied: importlib-metadata (from dash==2.18.2->-r requirements.txt (line 1)) (8.6.1)        
remote:        Requirement already satisfied: typing-extensions>=4.1.1 (from dash==2.18.2->-r requirements.txt (line 1)) (4.12.2)        
remote:        Requirement already satisfied: requests (from dash==2.18.2->-r requirements.txt (line 1)) (2.32.3)        
remote:        Requirement already satisfied: retrying (from dash==2.18.2->-r requirements.txt (line 1)) (1.3.4)        
remote:        Requirement already satisfied: nest-asyncio (from dash==2.18.2->-r requirements.txt (line 1)) (1.6.0)        
remote:        Requirement already satisfied: setuptools (from dash==2.18.2->-r requirements.txt (line 1)) (75.8.2)        
remote:        Requirement already satisfied: python-dateutil>=2.8.2 (from pandas==2.2.3->-r requirements.txt (line 7)) (2.9.0.post0)        
remote:        Requirement already satisfied: pytz>=2020.1 (from pandas==2.2.3->-r requirements.txt (line 7)) (2025.1)        
remote:        Requirement already satisfied: tzdata>=2022.7 (from pandas==2.2.3->-r requirements.txt (line 7)) (2025.1)        
remote:        Requirement already satisfied: narwhals>=1.15.1 (from plotly==6.0.0->-r requirements.txt (line 8)) (1.28.0)        
remote:        Requirement already satisfied: packaging (from plotly==6.0.0->-r requirements.txt (line 8)) (24.2)        
remote:        Requirement already satisfied: Jinja2>=3.1.2 (from Flask<3.1,>=1.0.4->dash==2.18.2->-r requirements.txt (line 1)) (3.1.5)        
remote:        Requirement already satisfied: itsdangerous>=2.1.2 (from Flask<3.1,>=1.0.4->dash==2.18.2->-r requirements.txt (line 1)) (2.2.0)        
remote:        Requirement already satisfied: click>=8.1.3 (from Flask<3.1,>=1.0.4->dash==2.18.2->-r requirements.txt (line 1)) (8.1.8)        
remote:        Requirement already satisfied: blinker>=1.6.2 (from Flask<3.1,>=1.0.4->dash==2.18.2->-r requirements.txt (line 1)) (1.9.0)        
remote:        Requirement already satisfied: six>=1.5 (from python-dateutil>=2.8.2->pandas==2.2.3->-r requirements.txt (line 7)) (1.17.0)        
remote:        Requirement already satisfied: MarkupSafe>=2.1.1 (from Werkzeug<3.1->dash==2.18.2->-r requirements.txt (line 1)) (3.0.2)        
remote:        Requirement already satisfied: zipp>=3.20 (from importlib-metadata->dash==2.18.2->-r requirements.txt (line 1)) (3.21.0)        
remote:        Requirement already satisfied: charset-normalizer<4,>=2 (from requests->dash==2.18.2->-r requirements.txt (line 1)) (3.4.1)        
remote:        Requirement already satisfied: idna<4,>=2.5 (from requests->dash==2.18.2->-r requirements.txt (line 1)) (3.10)        
remote:        Requirement already satisfied: urllib3<3,>=1.21.1 (from requests->dash==2.18.2->-r requirements.txt (line 1)) (2.3.0)        
remote:        Requirement already satisfied: certifi>=2017.4.17 (from requests->dash==2.18.2->-r requirements.txt (line 1)) (2025.1.31)        
remote: -----> Discovering process types        
remote:        Procfile declares types -> web        
remote: 
remote: -----> Compressing...        
remote:        Done: 83.4M        
remote: -----> Launching...        
remote:        Released v38        
remote:        https://weather-krini-4b35ab56ba37.herokuapp.com/ deployed to Heroku        
remote: 
remote: Verifying deploy... done.        
To https://git.heroku.com/weather-krini.git
   016891b..28049e8  master -> master
[master 11f8f3e] automatic push git
 2 files changed, 65 insertions(+)
remote: Updated 16 paths from d2b6728        
remote: Compressing source files... done.        
remote: Building source:        
remote: 
remote: -----> Building on the Heroku-24 stack        
remote: -----> Using buildpack: heroku/python        
remote: -----> Python app detected        
remote: -----> No Python version was specified. Using the same major version as the last build: Python 3.13        
remote:        To use a different version, see: https://devcenter.heroku.com/articles/python-runtimes        
remote: -----> Restoring cache        
remote: -----> Using cached install of Python 3.13.2        
remote: -----> Installing pip 24.3.1        
remote: -----> Installing dependencies using 'pip install -r requirements.txt'        
remote:        Requirement already satisfied: dash==2.18.2 (from -r requirements.txt (line 1)) (2.18.2)        
remote:        Requirement already satisfied: dash-core-components==2.0.0 (from -r requirements.txt (line 2)) (2.0.0)        
remote:        Requirement already satisfied: dash-html-components==2.0.0 (from -r requirements.txt (line 3)) (2.0.0)        
remote:        Requirement already satisfied: dash-table==5.0.0 (from -r requirements.txt (line 4)) (5.0.0)        
remote:        Requirement already satisfied: gunicorn==20.1.0 (from -r requirements.txt (line 5)) (20.1.0)        
remote:        Requirement already satisfied: numpy==2.0.2 (from -r requirements.txt (line 6)) (2.0.2)        
remote:        Requirement already satisfied: pandas==2.2.3 (from -r requirements.txt (line 7)) (2.2.3)        
remote:        Requirement already satisfied: plotly==6.0.0 (from -r requirements.txt (line 8)) (6.0.0)        
remote:        Requirement already satisfied: Flask<3.1,>=1.0.4 (from dash==2.18.2->-r requirements.txt (line 1)) (3.0.3)        
remote:        Requirement already satisfied: Werkzeug<3.1 (from dash==2.18.2->-r requirements.txt (line 1)) (3.0.6)        
remote:        Requirement already satisfied: importlib-metadata (from dash==2.18.2->-r requirements.txt (line 1)) (8.6.1)        
remote:        Requirement already satisfied: typing-extensions>=4.1.1 (from dash==2.18.2->-r requirements.txt (line 1)) (4.12.2)        
remote:        Requirement already satisfied: requests (from dash==2.18.2->-r requirements.txt (line 1)) (2.32.3)        
remote:        Requirement already satisfied: retrying (from dash==2.18.2->-r requirements.txt (line 1)) (1.3.4)        
remote:        Requirement already satisfied: nest-asyncio (from dash==2.18.2->-r requirements.txt (line 1)) (1.6.0)        
remote:        Requirement already satisfied: setuptools (from dash==2.18.2->-r requirements.txt (line 1)) (75.8.2)        
remote:        Requirement already satisfied: python-dateutil>=2.8.2 (from pandas==2.2.3->-r requirements.txt (line 7)) (2.9.0.post0)        
remote:        Requirement already satisfied: pytz>=2020.1 (from pandas==2.2.3->-r requirements.txt (line 7)) (2025.1)        
remote:        Requirement already satisfied: tzdata>=2022.7 (from pandas==2.2.3->-r requirements.txt (line 7)) (2025.1)        
remote:        Requirement already satisfied: narwhals>=1.15.1 (from plotly==6.0.0->-r requirements.txt (line 8)) (1.28.0)        
remote:        Requirement already satisfied: packaging (from plotly==6.0.0->-r requirements.txt (line 8)) (24.2)        
remote:        Requirement already satisfied: Jinja2>=3.1.2 (from Flask<3.1,>=1.0.4->dash==2.18.2->-r requirements.txt (line 1)) (3.1.5)        
remote:        Requirement already satisfied: itsdangerous>=2.1.2 (from Flask<3.1,>=1.0.4->dash==2.18.2->-r requirements.txt (line 1)) (2.2.0)        
remote:        Requirement already satisfied: click>=8.1.3 (from Flask<3.1,>=1.0.4->dash==2.18.2->-r requirements.txt (line 1)) (8.1.8)        
remote:        Requirement already satisfied: blinker>=1.6.2 (from Flask<3.1,>=1.0.4->dash==2.18.2->-r requirements.txt (line 1)) (1.9.0)        
remote:        Requirement already satisfied: six>=1.5 (from python-dateutil>=2.8.2->pandas==2.2.3->-r requirements.txt (line 7)) (1.17.0)        
remote:        Requirement already satisfied: MarkupSafe>=2.1.1 (from Werkzeug<3.1->dash==2.18.2->-r requirements.txt (line 1)) (3.0.2)        
remote:        Requirement already satisfied: zipp>=3.20 (from importlib-metadata->dash==2.18.2->-r requirements.txt (line 1)) (3.21.0)        
remote:        Requirement already satisfied: charset-normalizer<4,>=2 (from requests->dash==2.18.2->-r requirements.txt (line 1)) (3.4.1)        
remote:        Requirement already satisfied: idna<4,>=2.5 (from requests->dash==2.18.2->-r requirements.txt (line 1)) (3.10)        
remote:        Requirement already satisfied: urllib3<3,>=1.21.1 (from requests->dash==2.18.2->-r requirements.txt (line 1)) (2.3.0)        
remote:        Requirement already satisfied: certifi>=2017.4.17 (from requests->dash==2.18.2->-r requirements.txt (line 1)) (2025.1.31)        
remote: -----> Discovering process types        
remote:        Procfile declares types -> web        
remote: 
remote: -----> Compressing...        
remote:        Done: 83.4M        
remote: -----> Launching...        
remote:        Released v39        
remote:        https://weather-krini-4b35ab56ba37.herokuapp.com/ deployed to Heroku        
remote: 
remote: Verifying deploy... done.        
To https://git.heroku.com/weather-krini.git
   28049e8..11f8f3e  master -> master
